<?xml version="1.0" encoding="UTF-8"?>
<!-- Generated by org.testng.reporters.JUnitReportReporter -->
<testsuite hostname="Samuel" failures="0" tests="1" name="com.web.testcases.IndexPageTest" time="4.990" errors="0" timestamp="2024-12-27T22:01:03 IST" skipped="0">
  <testcase classname="com.web.testcases.IndexPageTest" name="verifyLogo" time="4.990"/>
  <system-out/>
</testsuite> <!-- com.web.testcases.IndexPageTest -->
