<?xml version="1.0" encoding="UTF-8"?>
<!-- Generated by org.testng.reporters.JUnitReportReporter -->
<testsuite hostname="Samuel" failures="0" tests="1" name="com.web.testcases.AccountCreationPageTest" time="11.126" errors="0" timestamp="2024-12-30T22:13:55 IST" skipped="0">
  <testcase classname="com.web.testcases.AccountCreationPageTest" name="verifyCreateAccountPageTest" time="11.126"/>
  <system-out/>
</testsuite> <!-- com.web.testcases.AccountCreationPageTest -->
