<?xml version="1.0" encoding="UTF-8"?>
<!-- Generated by org.testng.reporters.JUnitReportReporter -->
<testsuite hostname="Samuel" failures="0" tests="2" name="com.web.testcases.IndexPageTest" time="12.828" errors="0" timestamp="2024-12-30T22:13:55 IST" skipped="0">
  <testcase classname="com.web.testcases.IndexPageTest" name="verifyLogo" time="6.684"/>
  <system-out/>
  <testcase classname="com.web.testcases.IndexPageTest" name="verifyTitle" time="6.144"/>
  <system-out/>
</testsuite> <!-- com.web.testcases.IndexPageTest -->
