<?xml version="1.0" encoding="UTF-8"?>
<!-- Generated by org.testng.reporters.JUnitReportReporter -->
<testsuite hostname="Samuel" failures="0" tests="1" name="com.web.testcases.SearchResultPageTest" time="17.237" errors="0" timestamp="2024-12-30T22:13:55 IST" skipped="0">
  <testcase classname="com.web.testcases.SearchResultPageTest" name="productAvailabilityTest" time="17.237"/>
  <system-out/>
</testsuite> <!-- com.web.testcases.SearchResultPageTest -->
