<?xml version="1.0" encoding="UTF-8"?>
<!-- Generated by org.testng.reporters.JUnitReportReporter -->
<testsuite hostname="Samuel" failures="0" tests="1" name="com.web.testcases.HomePageTest" time="11.658" errors="0" timestamp="2024-12-30T22:13:55 IST" skipped="0">
  <testcase classname="com.web.testcases.HomePageTest" name="homePageValidationTest" time="11.658"/>
  <system-out/>
</testsuite> <!-- com.web.testcases.HomePageTest -->
