<?xml version="1.0" encoding="UTF-8"?>
<!-- Generated by org.testng.reporters.JUnitReportReporter -->
<testsuite hostname="Samuel" failures="0" tests="1" name="com.web.testcases.HomePageTest" time="9.881" errors="0" timestamp="2024-12-27T22:43:39 IST" skipped="0">
  <testcase classname="com.web.testcases.HomePageTest" name="homePageValidationTest" time="9.881"/>
  <system-out/>
</testsuite> <!-- com.web.testcases.HomePageTest -->
