<?xml version="1.0" encoding="UTF-8"?>
<!-- Generated by org.testng.reporters.JUnitReportReporter -->
<testsuite hostname="Samuel" failures="0" tests="2" name="com.web.testcases.IndexPageTest" time="9.707" errors="0" timestamp="2024-12-27T23:08:08 IST" skipped="0">
  <testcase classname="com.web.testcases.IndexPageTest" name="verifyTitle" time="5.193"/>
  <system-out/>
  <testcase classname="com.web.testcases.IndexPageTest" name="verifyLogo" time="4.514"/>
  <system-out/>
</testsuite> <!-- com.web.testcases.IndexPageTest -->
