<?xml version="1.0" encoding="UTF-8"?>
<!-- Generated by org.testng.reporters.JUnitReportReporter -->
<testsuite hostname="Samuel" failures="0" tests="1" name="com.web.testcases.AccountCreationPageTest" time="8.969" errors="0" timestamp="2024-12-27T22:43:39 IST" skipped="0">
  <testcase classname="com.web.testcases.AccountCreationPageTest" name="verifyCreateAccountPageTest" time="8.969"/>
  <system-out/>
</testsuite> <!-- com.web.testcases.AccountCreationPageTest -->
